::1 - - [25/Nov/2014:11:04:21 +0100] "GET / HTTP/1.1" 200 942
::1 - - [25/Nov/2014:11:04:21 +0100] "GET /css/opmaak.css HTTP/1.1" 304 -
::1 - - [25/Nov/2014:11:04:21 +0100] "GET /scripts/index.js HTTP/1.1" 304 -
::1 - - [25/Nov/2014:11:04:21 +0100] "GET /favicon.ico HTTP/1.1" 404 209
::1 - - [25/Nov/2014:11:04:34 +0100] "GET / HTTP/1.1" 200 364
::1 - - [25/Nov/2014:11:04:34 +0100] "GET /bootstrap/css/bootstrap.css HTTP/1.1" 304 -
::1 - - [25/Nov/2014:11:04:34 +0100] "GET /css/opmaak.css HTTP/1.1" 304 -
::1 - - [25/Nov/2014:11:04:34 +0100] "GET /scripts/modernizr.js HTTP/1.1" 304 -
::1 - - [25/Nov/2014:11:04:35 +0100] "GET /scripts/index.js HTTP/1.1" 304 -
::1 - - [25/Nov/2014:11:05:09 +0100] "GET / HTTP/1.1" 200 805
::1 - - [25/Nov/2014:11:05:09 +0100] "GET /bootstrap/css/bootstrap.css HTTP/1.1" 304 -
::1 - - [25/Nov/2014:11:05:09 +0100] "GET /css/opmaak.css HTTP/1.1" 304 -
::1 - - [25/Nov/2014:11:05:09 +0100] "GET /scripts/modernizr.js HTTP/1.1" 304 -
::1 - - [25/Nov/2014:11:05:09 +0100] "GET /scripts/index.js HTTP/1.1" 304 -
::1 - - [25/Nov/2014:11:05:20 +0100] "GET / HTTP/1.1" 200 942
::1 - - [25/Nov/2014:11:05:20 +0100] "GET /bootstrap/css/bootstrap.css HTTP/1.1" 304 -
::1 - - [25/Nov/2014:11:05:20 +0100] "GET /css/opmaak.css HTTP/1.1" 304 -
::1 - - [25/Nov/2014:11:05:20 +0100] "GET /scripts/modernizr.js HTTP/1.1" 304 -
::1 - - [25/Nov/2014:11:05:20 +0100] "GET /scripts/index.js HTTP/1.1" 304 -
::1 - - [25/Nov/2014:11:07:47 +0100] "GET / HTTP/1.1" 200 2137
::1 - - [25/Nov/2014:11:07:48 +0100] "GET /scripts/modernizr.js HTTP/1.1" 304 -
::1 - - [25/Nov/2014:11:07:48 +0100] "GET /scripts/index.js HTTP/1.1" 304 -
::1 - - [25/Nov/2014:11:07:48 +0100] "GET /bootstrap/css/bootstrap.css HTTP/1.1" 304 -
::1 - - [25/Nov/2014:11:07:48 +0100] "GET /css/opmaak.css HTTP/1.1" 304 -
::1 - - [25/Nov/2014:11:08:02 +0100] "GET / HTTP/1.1" 200 2137
::1 - - [25/Nov/2014:11:08:02 +0100] "GET /css/opmaak.css HTTP/1.1" 304 -
::1 - - [25/Nov/2014:11:08:02 +0100] "GET /scripts/modernizr.js HTTP/1.1" 304 -
::1 - - [25/Nov/2014:11:08:02 +0100] "GET /bootstrap/css/bootstrap.css HTTP/1.1" 304 -
::1 - - [25/Nov/2014:11:08:02 +0100] "GET /scripts/index.js HTTP/1.1" 304 -
::1 - - [25/Nov/2014:11:12:26 +0100] "GET /bootstrap/css/bootstrap.css.map HTTP/1.1" 304 -
::1 - - [25/Nov/2014:11:24:18 +0100] "GET / HTTP/1.1" 200 951
::1 - - [25/Nov/2014:11:24:19 +0100] "GET /bootstrap/css/bootstrap.css HTTP/1.1" 304 -
::1 - - [25/Nov/2014:11:24:19 +0100] "GET /scripts/modernizr.js HTTP/1.1" 304 -
::1 - - [25/Nov/2014:11:24:19 +0100] "GET /css/opmaak.css HTTP/1.1" 200 1077
::1 - - [25/Nov/2014:11:24:19 +0100] "GET /scripts/index.js HTTP/1.1" 200 2616
::1 - - [25/Nov/2014:11:24:20 +0100] "GET /bootstrap/css/bootstrap.css.map HTTP/1.1" 304 -
::1 - - [25/Nov/2014:11:24:22 +0100] "GET /bootstrap/fonts/glyphicons-halflings-regular.woff HTTP/1.1" 304 -
::1 - - [25/Nov/2014:11:24:34 +0100] "GET / HTTP/1.1" 200 951
::1 - - [25/Nov/2014:11:24:35 +0100] "GET /bootstrap/css/bootstrap.css HTTP/1.1" 304 -
::1 - - [25/Nov/2014:11:24:35 +0100] "GET /css/opmaak.css HTTP/1.1" 304 -
::1 - - [25/Nov/2014:11:24:35 +0100] "GET /scripts/modernizr.js HTTP/1.1" 304 -
::1 - - [25/Nov/2014:11:24:35 +0100] "GET /scripts/index.js HTTP/1.1" 200 2618
::1 - - [25/Nov/2014:11:24:36 +0100] "GET /bootstrap/css/bootstrap.css.map HTTP/1.1" 304 -
::1 - - [25/Nov/2014:11:24:36 +0100] "GET /bootstrap/fonts/glyphicons-halflings-regular.woff HTTP/1.1" 304 -
::1 - - [25/Nov/2014:11:26:26 +0100] "GET / HTTP/1.1" 200 951
::1 - - [25/Nov/2014:11:26:26 +0100] "GET /bootstrap/css/bootstrap.css HTTP/1.1" 304 -
::1 - - [25/Nov/2014:11:26:26 +0100] "GET /css/opmaak.css HTTP/1.1" 304 -
::1 - - [25/Nov/2014:11:26:26 +0100] "GET /scripts/modernizr.js HTTP/1.1" 304 -
::1 - - [25/Nov/2014:11:26:26 +0100] "GET /scripts/index.js HTTP/1.1" 200 2700
::1 - - [25/Nov/2014:11:26:27 +0100] "GET /bootstrap/css/bootstrap.css.map HTTP/1.1" 304 -
::1 - - [25/Nov/2014:11:26:28 +0100] "GET /bootstrap/fonts/glyphicons-halflings-regular.woff HTTP/1.1" 304 -
::1 - - [25/Nov/2014:11:27:03 +0100] "GET / HTTP/1.1" 200 951
::1 - - [25/Nov/2014:11:27:04 +0100] "GET /css/opmaak.css HTTP/1.1" 304 -
::1 - - [25/Nov/2014:11:27:04 +0100] "GET /bootstrap/css/bootstrap.css HTTP/1.1" 304 -
::1 - - [25/Nov/2014:11:27:04 +0100] "GET /scripts/modernizr.js HTTP/1.1" 304 -
::1 - - [25/Nov/2014:11:27:04 +0100] "GET /scripts/index.js HTTP/1.1" 200 2706
::1 - - [25/Nov/2014:11:27:04 +0100] "GET /bootstrap/css/bootstrap.css.map HTTP/1.1" 304 -
::1 - - [25/Nov/2014:11:27:05 +0100] "GET /bootstrap/fonts/glyphicons-halflings-regular.woff HTTP/1.1" 304 -
::1 - - [25/Nov/2014:11:27:21 +0100] "GET / HTTP/1.1" 200 951
::1 - - [25/Nov/2014:11:27:21 +0100] "GET /bootstrap/css/bootstrap.css HTTP/1.1" 304 -
::1 - - [25/Nov/2014:11:27:21 +0100] "GET /css/opmaak.css HTTP/1.1" 304 -
::1 - - [25/Nov/2014:11:27:21 +0100] "GET /scripts/modernizr.js HTTP/1.1" 304 -
::1 - - [25/Nov/2014:11:27:21 +0100] "GET /scripts/index.js HTTP/1.1" 200 2710
::1 - - [25/Nov/2014:11:27:22 +0100] "GET /bootstrap/css/bootstrap.css.map HTTP/1.1" 304 -
::1 - - [25/Nov/2014:11:27:22 +0100] "GET /bootstrap/fonts/glyphicons-halflings-regular.woff HTTP/1.1" 304 -
::1 - - [25/Nov/2014:11:27:28 +0100] "GET / HTTP/1.1" 200 951
::1 - - [25/Nov/2014:11:27:29 +0100] "GET /bootstrap/css/bootstrap.css HTTP/1.1" 304 -
::1 - - [25/Nov/2014:11:27:29 +0100] "GET /scripts/modernizr.js HTTP/1.1" 304 -
::1 - - [25/Nov/2014:11:27:29 +0100] "GET /css/opmaak.css HTTP/1.1" 304 -
::1 - - [25/Nov/2014:11:27:29 +0100] "GET /scripts/index.js HTTP/1.1" 200 2708
::1 - - [25/Nov/2014:11:27:29 +0100] "GET /bootstrap/css/bootstrap.css.map HTTP/1.1" 304 -
::1 - - [25/Nov/2014:11:27:30 +0100] "GET /bootstrap/fonts/glyphicons-halflings-regular.woff HTTP/1.1" 304 -
::1 - - [25/Nov/2014:11:27:41 +0100] "GET / HTTP/1.1" 200 951
::1 - - [25/Nov/2014:11:27:42 +0100] "GET /bootstrap/css/bootstrap.css HTTP/1.1" 304 -
::1 - - [25/Nov/2014:11:27:42 +0100] "GET /scripts/modernizr.js HTTP/1.1" 304 -
::1 - - [25/Nov/2014:11:27:42 +0100] "GET /scripts/index.js HTTP/1.1" 200 2708
::1 - - [25/Nov/2014:11:27:42 +0100] "GET /css/opmaak.css HTTP/1.1" 304 -
::1 - - [25/Nov/2014:11:27:42 +0100] "GET /bootstrap/css/bootstrap.css.map HTTP/1.1" 304 -
::1 - - [25/Nov/2014:11:27:43 +0100] "GET /bootstrap/fonts/glyphicons-halflings-regular.woff HTTP/1.1" 304 -
::1 - - [25/Nov/2014:11:27:52 +0100] "GET / HTTP/1.1" 200 951
::1 - - [25/Nov/2014:11:27:52 +0100] "GET /bootstrap/css/bootstrap.css HTTP/1.1" 304 -
::1 - - [25/Nov/2014:11:27:52 +0100] "GET /css/opmaak.css HTTP/1.1" 304 -
::1 - - [25/Nov/2014:11:27:52 +0100] "GET /scripts/index.js HTTP/1.1" 200 2708
::1 - - [25/Nov/2014:11:27:52 +0100] "GET /scripts/modernizr.js HTTP/1.1" 304 -
::1 - - [25/Nov/2014:11:27:53 +0100] "GET /bootstrap/css/bootstrap.css.map HTTP/1.1" 304 -
::1 - - [25/Nov/2014:11:27:53 +0100] "GET /bootstrap/fonts/glyphicons-halflings-regular.woff HTTP/1.1" 304 -
::1 - - [25/Nov/2014:11:28:42 +0100] "GET / HTTP/1.1" 200 951
::1 - - [25/Nov/2014:11:28:43 +0100] "GET /css/opmaak.css HTTP/1.1" 304 -
::1 - - [25/Nov/2014:11:28:43 +0100] "GET /scripts/modernizr.js HTTP/1.1" 304 -
::1 - - [25/Nov/2014:11:28:43 +0100] "GET /bootstrap/css/bootstrap.css HTTP/1.1" 304 -
::1 - - [25/Nov/2014:11:28:43 +0100] "GET /scripts/index.js HTTP/1.1" 200 2741
::1 - - [25/Nov/2014:11:28:43 +0100] "GET /bootstrap/css/bootstrap.css.map HTTP/1.1" 304 -
::1 - - [25/Nov/2014:11:28:44 +0100] "GET /bootstrap/fonts/glyphicons-halflings-regular.woff HTTP/1.1" 304 -
::1 - - [25/Nov/2014:11:31:12 +0100] "GET / HTTP/1.1" 200 951
::1 - - [25/Nov/2014:11:31:13 +0100] "GET /css/opmaak.css HTTP/1.1" 304 -
::1 - - [25/Nov/2014:11:31:13 +0100] "GET /bootstrap/css/bootstrap.css HTTP/1.1" 304 -
::1 - - [25/Nov/2014:11:31:13 +0100] "GET /scripts/index.js HTTP/1.1" 200 2744
::1 - - [25/Nov/2014:11:31:13 +0100] "GET /scripts/modernizr.js HTTP/1.1" 304 -
::1 - - [25/Nov/2014:11:31:14 +0100] "GET /bootstrap/css/bootstrap.css.map HTTP/1.1" 304 -
::1 - - [25/Nov/2014:11:31:14 +0100] "GET /bootstrap/fonts/glyphicons-halflings-regular.woff HTTP/1.1" 304 -
::1 - - [25/Nov/2014:11:31:39 +0100] "GET / HTTP/1.1" 200 951
::1 - - [25/Nov/2014:11:31:40 +0100] "GET /bootstrap/css/bootstrap.css HTTP/1.1" 304 -
::1 - - [25/Nov/2014:11:31:40 +0100] "GET /scripts/modernizr.js HTTP/1.1" 304 -
::1 - - [25/Nov/2014:11:31:40 +0100] "GET /css/opmaak.css HTTP/1.1" 304 -
::1 - - [25/Nov/2014:11:31:40 +0100] "GET /scripts/index.js HTTP/1.1" 200 2742
::1 - - [25/Nov/2014:11:31:41 +0100] "GET /bootstrap/css/bootstrap.css.map HTTP/1.1" 304 -
::1 - - [25/Nov/2014:11:31:41 +0100] "GET /bootstrap/fonts/glyphicons-halflings-regular.woff HTTP/1.1" 304 -
::1 - - [25/Nov/2014:11:34:36 +0100] "GET / HTTP/1.1" 200 951
::1 - - [25/Nov/2014:11:34:37 +0100] "GET /bootstrap/css/bootstrap.css HTTP/1.1" 304 -
::1 - - [25/Nov/2014:11:34:37 +0100] "GET /css/opmaak.css HTTP/1.1" 304 -
::1 - - [25/Nov/2014:11:34:37 +0100] "GET /scripts/modernizr.js HTTP/1.1" 304 -
::1 - - [25/Nov/2014:11:34:38 +0100] "GET /scripts/index.js HTTP/1.1" 200 2836
::1 - - [25/Nov/2014:11:34:38 +0100] "GET /bootstrap/css/bootstrap.css.map HTTP/1.1" 304 -
::1 - - [25/Nov/2014:11:34:39 +0100] "GET /bootstrap/fonts/glyphicons-halflings-regular.woff HTTP/1.1" 304 -
::1 - - [25/Nov/2014:11:34:52 +0100] "GET / HTTP/1.1" 200 951
::1 - - [25/Nov/2014:11:34:53 +0100] "GET /css/opmaak.css HTTP/1.1" 304 -
::1 - - [25/Nov/2014:11:34:53 +0100] "GET /bootstrap/css/bootstrap.css HTTP/1.1" 304 -
::1 - - [25/Nov/2014:11:34:53 +0100] "GET /scripts/modernizr.js HTTP/1.1" 304 -
::1 - - [25/Nov/2014:11:34:53 +0100] "GET /scripts/index.js HTTP/1.1" 200 2838
::1 - - [25/Nov/2014:11:34:54 +0100] "GET /bootstrap/css/bootstrap.css.map HTTP/1.1" 304 -
::1 - - [25/Nov/2014:11:34:54 +0100] "GET /bootstrap/fonts/glyphicons-halflings-regular.woff HTTP/1.1" 304 -
::1 - - [25/Nov/2014:11:35:08 +0100] "GET / HTTP/1.1" 200 951
::1 - - [25/Nov/2014:11:35:08 +0100] "GET /bootstrap/css/bootstrap.css HTTP/1.1" 304 -
::1 - - [25/Nov/2014:11:35:08 +0100] "GET /scripts/modernizr.js HTTP/1.1" 304 -
::1 - - [25/Nov/2014:11:35:08 +0100] "GET /scripts/index.js HTTP/1.1" 200 2802
::1 - - [25/Nov/2014:11:35:08 +0100] "GET /css/opmaak.css HTTP/1.1" 304 -
::1 - - [25/Nov/2014:11:35:09 +0100] "GET /bootstrap/css/bootstrap.css.map HTTP/1.1" 304 -
::1 - - [25/Nov/2014:11:35:09 +0100] "GET /bootstrap/fonts/glyphicons-halflings-regular.woff HTTP/1.1" 304 -
::1 - - [25/Nov/2014:11:35:24 +0100] "GET / HTTP/1.1" 200 951
::1 - - [25/Nov/2014:11:35:25 +0100] "GET /scripts/modernizr.js HTTP/1.1" 304 -
::1 - - [25/Nov/2014:11:35:25 +0100] "GET /scripts/index.js HTTP/1.1" 200 2803
::1 - - [25/Nov/2014:11:35:25 +0100] "GET /css/opmaak.css HTTP/1.1" 304 -
::1 - - [25/Nov/2014:11:35:25 +0100] "GET /bootstrap/css/bootstrap.css HTTP/1.1" 304 -
::1 - - [25/Nov/2014:11:35:25 +0100] "GET /bootstrap/css/bootstrap.css.map HTTP/1.1" 304 -
::1 - - [25/Nov/2014:11:35:26 +0100] "GET /bootstrap/fonts/glyphicons-halflings-regular.woff HTTP/1.1" 304 -
::1 - - [25/Nov/2014:11:35:44 +0100] "GET / HTTP/1.1" 200 951
::1 - - [25/Nov/2014:11:35:44 +0100] "GET /css/opmaak.css HTTP/1.1" 304 -
::1 - - [25/Nov/2014:11:35:44 +0100] "GET /scripts/modernizr.js HTTP/1.1" 304 -
::1 - - [25/Nov/2014:11:35:44 +0100] "GET /bootstrap/css/bootstrap.css HTTP/1.1" 304 -
::1 - - [25/Nov/2014:11:35:44 +0100] "GET /scripts/index.js HTTP/1.1" 200 2805
::1 - - [25/Nov/2014:11:35:45 +0100] "GET /bootstrap/css/bootstrap.css.map HTTP/1.1" 304 -
::1 - - [25/Nov/2014:11:35:45 +0100] "GET /bootstrap/fonts/glyphicons-halflings-regular.woff HTTP/1.1" 304 -
::1 - - [25/Nov/2014:11:35:56 +0100] "GET / HTTP/1.1" 200 951
::1 - - [25/Nov/2014:11:35:56 +0100] "GET /bootstrap/css/bootstrap.css HTTP/1.1" 304 -
::1 - - [25/Nov/2014:11:35:56 +0100] "GET /css/opmaak.css HTTP/1.1" 304 -
::1 - - [25/Nov/2014:11:35:56 +0100] "GET /scripts/index.js HTTP/1.1" 200 2805
::1 - - [25/Nov/2014:11:35:56 +0100] "GET /scripts/modernizr.js HTTP/1.1" 304 -
::1 - - [25/Nov/2014:11:35:57 +0100] "GET /bootstrap/css/bootstrap.css.map HTTP/1.1" 304 -
::1 - - [25/Nov/2014:11:35:57 +0100] "GET /bootstrap/fonts/glyphicons-halflings-regular.woff HTTP/1.1" 304 -
::1 - - [25/Nov/2014:11:36:08 +0100] "GET / HTTP/1.1" 200 951
::1 - - [25/Nov/2014:11:36:09 +0100] "GET /bootstrap/css/bootstrap.css HTTP/1.1" 304 -
::1 - - [25/Nov/2014:11:36:09 +0100] "GET /css/opmaak.css HTTP/1.1" 304 -
::1 - - [25/Nov/2014:11:36:09 +0100] "GET /scripts/modernizr.js HTTP/1.1" 304 -
::1 - - [25/Nov/2014:11:36:09 +0100] "GET /scripts/index.js HTTP/1.1" 200 2807
::1 - - [25/Nov/2014:11:36:10 +0100] "GET /bootstrap/css/bootstrap.css.map HTTP/1.1" 304 -
::1 - - [25/Nov/2014:11:36:10 +0100] "GET /bootstrap/fonts/glyphicons-halflings-regular.woff HTTP/1.1" 304 -
::1 - - [25/Nov/2014:11:36:17 +0100] "GET / HTTP/1.1" 200 951
::1 - - [25/Nov/2014:11:36:18 +0100] "GET /bootstrap/css/bootstrap.css HTTP/1.1" 304 -
::1 - - [25/Nov/2014:11:36:18 +0100] "GET /css/opmaak.css HTTP/1.1" 304 -
::1 - - [25/Nov/2014:11:36:18 +0100] "GET /scripts/index.js HTTP/1.1" 200 2805
::1 - - [25/Nov/2014:11:36:18 +0100] "GET /scripts/modernizr.js HTTP/1.1" 304 -
::1 - - [25/Nov/2014:11:36:19 +0100] "GET /bootstrap/css/bootstrap.css.map HTTP/1.1" 304 -
::1 - - [25/Nov/2014:11:36:19 +0100] "GET /bootstrap/fonts/glyphicons-halflings-regular.woff HTTP/1.1" 304 -
::1 - - [25/Nov/2014:11:36:29 +0100] "GET / HTTP/1.1" 200 951
::1 - - [25/Nov/2014:11:36:30 +0100] "GET /bootstrap/css/bootstrap.css HTTP/1.1" 304 -
::1 - - [25/Nov/2014:11:36:30 +0100] "GET /css/opmaak.css HTTP/1.1" 304 -
::1 - - [25/Nov/2014:11:36:30 +0100] "GET /scripts/modernizr.js HTTP/1.1" 304 -
::1 - - [25/Nov/2014:11:36:30 +0100] "GET /scripts/index.js HTTP/1.1" 200 2810
::1 - - [25/Nov/2014:11:36:30 +0100] "GET /bootstrap/css/bootstrap.css.map HTTP/1.1" 304 -
::1 - - [25/Nov/2014:11:36:31 +0100] "GET /bootstrap/fonts/glyphicons-halflings-regular.woff HTTP/1.1" 304 -
::1 - - [25/Nov/2014:11:36:50 +0100] "GET / HTTP/1.1" 200 951
::1 - - [25/Nov/2014:11:36:51 +0100] "GET /bootstrap/css/bootstrap.css HTTP/1.1" 304 -
::1 - - [25/Nov/2014:11:36:51 +0100] "GET /scripts/modernizr.js HTTP/1.1" 304 -
::1 - - [25/Nov/2014:11:36:51 +0100] "GET /scripts/index.js HTTP/1.1" 200 2811
::1 - - [25/Nov/2014:11:36:51 +0100] "GET /css/opmaak.css HTTP/1.1" 304 -
::1 - - [25/Nov/2014:11:36:52 +0100] "GET /bootstrap/css/bootstrap.css.map HTTP/1.1" 304 -
::1 - - [25/Nov/2014:11:36:52 +0100] "GET /bootstrap/fonts/glyphicons-halflings-regular.woff HTTP/1.1" 304 -
::1 - - [25/Nov/2014:11:37:17 +0100] "GET / HTTP/1.1" 200 951
::1 - - [25/Nov/2014:11:37:18 +0100] "GET /bootstrap/css/bootstrap.css HTTP/1.1" 304 -
::1 - - [25/Nov/2014:11:37:18 +0100] "GET /css/opmaak.css HTTP/1.1" 200 1096
::1 - - [25/Nov/2014:11:37:18 +0100] "GET /scripts/modernizr.js HTTP/1.1" 304 -
::1 - - [25/Nov/2014:11:37:18 +0100] "GET /scripts/index.js HTTP/1.1" 200 2810
::1 - - [25/Nov/2014:11:37:19 +0100] "GET /bootstrap/css/bootstrap.css.map HTTP/1.1" 304 -
::1 - - [25/Nov/2014:11:37:36 +0100] "GET / HTTP/1.1" 200 951
::1 - - [25/Nov/2014:11:37:36 +0100] "GET /bootstrap/css/bootstrap.css HTTP/1.1" 304 -
::1 - - [25/Nov/2014:11:37:36 +0100] "GET /scripts/index.js HTTP/1.1" 304 -
::1 - - [25/Nov/2014:11:37:36 +0100] "GET /css/opmaak.css HTTP/1.1" 200 1111
::1 - - [25/Nov/2014:11:37:36 +0100] "GET /scripts/modernizr.js HTTP/1.1" 304 -
::1 - - [25/Nov/2014:11:37:37 +0100] "GET /bootstrap/css/bootstrap.css.map HTTP/1.1" 304 -
::1 - - [25/Nov/2014:11:37:46 +0100] "GET / HTTP/1.1" 200 951
::1 - - [25/Nov/2014:11:37:46 +0100] "GET /scripts/modernizr.js HTTP/1.1" 304 -
::1 - - [25/Nov/2014:11:37:46 +0100] "GET /bootstrap/css/bootstrap.css HTTP/1.1" 304 -
::1 - - [25/Nov/2014:11:37:46 +0100] "GET /css/opmaak.css HTTP/1.1" 200 1110
::1 - - [25/Nov/2014:11:37:46 +0100] "GET /scripts/index.js HTTP/1.1" 304 -
::1 - - [25/Nov/2014:11:37:47 +0100] "GET /bootstrap/css/bootstrap.css.map HTTP/1.1" 304 -
::1 - - [25/Nov/2014:11:38:12 +0100] "GET / HTTP/1.1" 200 908
::1 - - [25/Nov/2014:11:38:12 +0100] "GET /bootstrap/css/bootstrap.css HTTP/1.1" 304 -
::1 - - [25/Nov/2014:11:38:12 +0100] "GET /css/opmaak.css HTTP/1.1" 200 1111
::1 - - [25/Nov/2014:11:38:12 +0100] "GET /scripts/modernizr.js HTTP/1.1" 304 -
::1 - - [25/Nov/2014:11:38:12 +0100] "GET /scripts/index.js HTTP/1.1" 304 -
::1 - - [25/Nov/2014:11:38:13 +0100] "GET /bootstrap/css/bootstrap.css.map HTTP/1.1" 304 -
::1 - - [25/Nov/2014:11:38:15 +0100] "GET /bootstrap/fonts/glyphicons-halflings-regular.woff HTTP/1.1" 304 -
::1 - - [25/Nov/2014:11:39:00 +0100] "GET / HTTP/1.1" 200 908
::1 - - [25/Nov/2014:11:39:00 +0100] "GET /bootstrap/css/bootstrap.css HTTP/1.1" 304 -
::1 - - [25/Nov/2014:11:39:00 +0100] "GET /scripts/index.js HTTP/1.1" 304 -
::1 - - [25/Nov/2014:11:39:00 +0100] "GET /css/opmaak.css HTTP/1.1" 200 1108
::1 - - [25/Nov/2014:11:39:00 +0100] "GET /scripts/modernizr.js HTTP/1.1" 304 -
::1 - - [25/Nov/2014:11:39:01 +0100] "GET /bootstrap/css/bootstrap.css.map HTTP/1.1" 304 -
::1 - - [25/Nov/2014:11:39:01 +0100] "GET /bootstrap/fonts/glyphicons-halflings-regular.woff HTTP/1.1" 304 -
::1 - - [25/Nov/2014:11:40:34 +0100] "GET / HTTP/1.1" 200 937
::1 - - [25/Nov/2014:11:40:35 +0100] "GET /css/opmaak.css HTTP/1.1" 200 1108
::1 - - [25/Nov/2014:11:40:35 +0100] "GET /bootstrap/css/bootstrap.css HTTP/1.1" 304 -
::1 - - [25/Nov/2014:11:40:35 +0100] "GET /scripts/modernizr.js HTTP/1.1" 304 -
::1 - - [25/Nov/2014:11:40:35 +0100] "GET /scripts/index.js HTTP/1.1" 200 2744
::1 - - [25/Nov/2014:11:40:35 +0100] "GET /bootstrap/css/bootstrap.css.map HTTP/1.1" 304 -
::1 - - [25/Nov/2014:11:40:36 +0100] "GET /bootstrap/fonts/glyphicons-halflings-regular.woff HTTP/1.1" 304 -
::1 - - [25/Nov/2014:11:40:53 +0100] "GET / HTTP/1.1" 200 937
::1 - - [25/Nov/2014:11:40:53 +0100] "GET /bootstrap/css/bootstrap.css HTTP/1.1" 304 -
::1 - - [25/Nov/2014:11:40:53 +0100] "GET /css/opmaak.css HTTP/1.1" 304 -
::1 - - [25/Nov/2014:11:40:53 +0100] "GET /scripts/index.js HTTP/1.1" 304 -
::1 - - [25/Nov/2014:11:40:53 +0100] "GET /scripts/modernizr.js HTTP/1.1" 304 -
::1 - - [25/Nov/2014:11:40:54 +0100] "GET /bootstrap/css/bootstrap.css.map HTTP/1.1" 304 -
::1 - - [25/Nov/2014:11:40:55 +0100] "GET /bootstrap/fonts/glyphicons-halflings-regular.woff HTTP/1.1" 304 -
::1 - - [25/Nov/2014:11:41:08 +0100] "GET / HTTP/1.1" 200 937
::1 - - [25/Nov/2014:11:41:09 +0100] "GET /bootstrap/css/bootstrap.css HTTP/1.1" 304 -
::1 - - [25/Nov/2014:11:41:09 +0100] "GET /css/opmaak.css HTTP/1.1" 304 -
::1 - - [25/Nov/2014:11:41:09 +0100] "GET /scripts/modernizr.js HTTP/1.1" 304 -
::1 - - [25/Nov/2014:11:41:09 +0100] "GET /scripts/index.js HTTP/1.1" 200 2746
::1 - - [25/Nov/2014:11:41:10 +0100] "GET /bootstrap/css/bootstrap.css.map HTTP/1.1" 304 -
::1 - - [25/Nov/2014:11:41:11 +0100] "GET /bootstrap/fonts/glyphicons-halflings-regular.woff HTTP/1.1" 304 -
::1 - - [25/Nov/2014:11:41:51 +0100] "GET / HTTP/1.1" 200 937
::1 - - [25/Nov/2014:11:41:52 +0100] "GET /css/opmaak.css HTTP/1.1" 304 -
::1 - - [25/Nov/2014:11:41:52 +0100] "GET /scripts/modernizr.js HTTP/1.1" 304 -
::1 - - [25/Nov/2014:11:41:52 +0100] "GET /bootstrap/css/bootstrap.css HTTP/1.1" 304 -
::1 - - [25/Nov/2014:11:41:52 +0100] "GET /scripts/index.js HTTP/1.1" 200 2744
::1 - - [25/Nov/2014:11:41:52 +0100] "GET /bootstrap/css/bootstrap.css.map HTTP/1.1" 304 -
::1 - - [25/Nov/2014:11:41:53 +0100] "GET /bootstrap/fonts/glyphicons-halflings-regular.woff HTTP/1.1" 304 -
::1 - - [25/Nov/2014:11:42:18 +0100] "GET / HTTP/1.1" 200 937
::1 - - [25/Nov/2014:11:42:18 +0100] "GET /bootstrap/css/bootstrap.css HTTP/1.1" 304 -
::1 - - [25/Nov/2014:11:42:18 +0100] "GET /css/opmaak.css HTTP/1.1" 304 -
::1 - - [25/Nov/2014:11:42:18 +0100] "GET /scripts/modernizr.js HTTP/1.1" 304 -
::1 - - [25/Nov/2014:11:42:18 +0100] "GET /scripts/index.js HTTP/1.1" 304 -
::1 - - [25/Nov/2014:11:42:19 +0100] "GET /bootstrap/css/bootstrap.css.map HTTP/1.1" 304 -
::1 - - [25/Nov/2014:11:45:13 +0100] "GET / HTTP/1.1" 200 978
::1 - - [25/Nov/2014:11:45:14 +0100] "GET /bootstrap/css/bootstrap.css HTTP/1.1" 304 -
::1 - - [25/Nov/2014:11:45:14 +0100] "GET /scripts/index.js HTTP/1.1" 200 2815
::1 - - [25/Nov/2014:11:45:14 +0100] "GET /scripts/modernizr.js HTTP/1.1" 304 -
::1 - - [25/Nov/2014:11:45:14 +0100] "GET /css/opmaak.css HTTP/1.1" 304 -
::1 - - [25/Nov/2014:11:45:15 +0100] "GET /bootstrap/css/bootstrap.css.map HTTP/1.1" 304 -
::1 - - [25/Nov/2014:11:45:15 +0100] "GET /bootstrap/fonts/glyphicons-halflings-regular.woff HTTP/1.1" 304 -
::1 - - [25/Nov/2014:11:45:36 +0100] "GET / HTTP/1.1" 200 978
::1 - - [25/Nov/2014:11:45:37 +0100] "GET /bootstrap/css/bootstrap.css HTTP/1.1" 304 -
::1 - - [25/Nov/2014:11:45:37 +0100] "GET /css/opmaak.css HTTP/1.1" 304 -
::1 - - [25/Nov/2014:11:45:37 +0100] "GET /scripts/modernizr.js HTTP/1.1" 304 -
::1 - - [25/Nov/2014:11:45:37 +0100] "GET /scripts/index.js HTTP/1.1" 200 2815
::1 - - [25/Nov/2014:11:45:38 +0100] "GET /bootstrap/css/bootstrap.css.map HTTP/1.1" 304 -
::1 - - [25/Nov/2014:11:45:39 +0100] "GET /bootstrap/fonts/glyphicons-halflings-regular.woff HTTP/1.1" 304 -
::1 - - [25/Nov/2014:11:45:54 +0100] "GET / HTTP/1.1" 200 978
::1 - - [25/Nov/2014:11:45:55 +0100] "GET /css/opmaak.css HTTP/1.1" 304 -
::1 - - [25/Nov/2014:11:45:55 +0100] "GET /bootstrap/css/bootstrap.css HTTP/1.1" 304 -
::1 - - [25/Nov/2014:11:45:55 +0100] "GET /scripts/modernizr.js HTTP/1.1" 304 -
::1 - - [25/Nov/2014:11:45:55 +0100] "GET /scripts/index.js HTTP/1.1" 200 2817
::1 - - [25/Nov/2014:11:45:55 +0100] "GET /bootstrap/css/bootstrap.css.map HTTP/1.1" 304 -
::1 - - [25/Nov/2014:11:45:56 +0100] "GET /bootstrap/fonts/glyphicons-halflings-regular.woff HTTP/1.1" 304 -
::1 - - [25/Nov/2014:11:46:16 +0100] "GET / HTTP/1.1" 200 978
::1 - - [25/Nov/2014:11:46:17 +0100] "GET /bootstrap/css/bootstrap.css HTTP/1.1" 304 -
::1 - - [25/Nov/2014:11:46:17 +0100] "GET /scripts/modernizr.js HTTP/1.1" 304 -
::1 - - [25/Nov/2014:11:46:17 +0100] "GET /css/opmaak.css HTTP/1.1" 304 -
::1 - - [25/Nov/2014:11:46:17 +0100] "GET /scripts/index.js HTTP/1.1" 200 2847
::1 - - [25/Nov/2014:11:46:18 +0100] "GET /bootstrap/css/bootstrap.css.map HTTP/1.1" 304 -
::1 - - [25/Nov/2014:11:46:18 +0100] "GET /bootstrap/fonts/glyphicons-halflings-regular.woff HTTP/1.1" 304 -
::1 - - [25/Nov/2014:11:46:31 +0100] "GET / HTTP/1.1" 200 978
::1 - - [25/Nov/2014:11:46:31 +0100] "GET /bootstrap/css/bootstrap.css HTTP/1.1" 304 -
::1 - - [25/Nov/2014:11:46:31 +0100] "GET /scripts/modernizr.js HTTP/1.1" 304 -
::1 - - [25/Nov/2014:11:46:31 +0100] "GET /scripts/index.js HTTP/1.1" 200 2848
::1 - - [25/Nov/2014:11:46:31 +0100] "GET /css/opmaak.css HTTP/1.1" 304 -
::1 - - [25/Nov/2014:11:46:32 +0100] "GET /bootstrap/css/bootstrap.css.map HTTP/1.1" 304 -
::1 - - [25/Nov/2014:11:46:33 +0100] "GET /bootstrap/fonts/glyphicons-halflings-regular.woff HTTP/1.1" 304 -
::1 - - [25/Nov/2014:11:47:03 +0100] "GET / HTTP/1.1" 200 978
::1 - - [25/Nov/2014:11:47:03 +0100] "GET /bootstrap/css/bootstrap.css HTTP/1.1" 304 -
::1 - - [25/Nov/2014:11:47:03 +0100] "GET /css/opmaak.css HTTP/1.1" 200 1121
::1 - - [25/Nov/2014:11:47:03 +0100] "GET /scripts/index.js HTTP/1.1" 200 2817
::1 - - [25/Nov/2014:11:47:03 +0100] "GET /scripts/modernizr.js HTTP/1.1" 304 -
::1 - - [25/Nov/2014:11:47:04 +0100] "GET /bootstrap/css/bootstrap.css.map HTTP/1.1" 304 -
::1 - - [25/Nov/2014:11:47:06 +0100] "GET /bootstrap/fonts/glyphicons-halflings-regular.woff HTTP/1.1" 304 -
::1 - - [25/Nov/2014:11:47:13 +0100] "GET / HTTP/1.1" 200 978
::1 - - [25/Nov/2014:11:47:13 +0100] "GET /bootstrap/css/bootstrap.css HTTP/1.1" 304 -
::1 - - [25/Nov/2014:11:47:13 +0100] "GET /css/opmaak.css HTTP/1.1" 200 1108
::1 - - [25/Nov/2014:11:47:13 +0100] "GET /scripts/index.js HTTP/1.1" 304 -
::1 - - [25/Nov/2014:11:47:13 +0100] "GET /scripts/modernizr.js HTTP/1.1" 304 -
::1 - - [25/Nov/2014:11:47:14 +0100] "GET /bootstrap/css/bootstrap.css.map HTTP/1.1" 304 -
::1 - - [25/Nov/2014:11:47:15 +0100] "GET /bootstrap/fonts/glyphicons-halflings-regular.woff HTTP/1.1" 304 -
::1 - - [25/Nov/2014:11:47:27 +0100] "GET / HTTP/1.1" 200 978
::1 - - [25/Nov/2014:11:47:27 +0100] "GET /bootstrap/css/bootstrap.css HTTP/1.1" 304 -
::1 - - [25/Nov/2014:11:47:27 +0100] "GET /css/opmaak.css HTTP/1.1" 200 1108
::1 - - [25/Nov/2014:11:47:27 +0100] "GET /scripts/modernizr.js HTTP/1.1" 304 -
::1 - - [25/Nov/2014:11:47:27 +0100] "GET /scripts/index.js HTTP/1.1" 200 2815
::1 - - [25/Nov/2014:11:47:28 +0100] "GET /bootstrap/css/bootstrap.css.map HTTP/1.1" 304 -
::1 - - [25/Nov/2014:11:47:29 +0100] "GET /bootstrap/fonts/glyphicons-halflings-regular.woff HTTP/1.1" 304 -
::1 - - [25/Nov/2014:11:47:57 +0100] "GET / HTTP/1.1" 200 978
::1 - - [25/Nov/2014:11:47:58 +0100] "GET /bootstrap/css/bootstrap.css HTTP/1.1" 304 -
::1 - - [25/Nov/2014:11:47:58 +0100] "GET /css/opmaak.css HTTP/1.1" 200 1089
::1 - - [25/Nov/2014:11:47:58 +0100] "GET /scripts/modernizr.js HTTP/1.1" 304 -
::1 - - [25/Nov/2014:11:47:58 +0100] "GET /scripts/index.js HTTP/1.1" 304 -
::1 - - [25/Nov/2014:11:47:58 +0100] "GET /bootstrap/css/bootstrap.css.map HTTP/1.1" 304 -
::1 - - [25/Nov/2014:11:48:04 +0100] "GET / HTTP/1.1" 200 978
::1 - - [25/Nov/2014:11:48:04 +0100] "GET /bootstrap/css/bootstrap.css HTTP/1.1" 304 -
::1 - - [25/Nov/2014:11:48:04 +0100] "GET /scripts/modernizr.js HTTP/1.1" 304 -
::1 - - [25/Nov/2014:11:48:04 +0100] "GET /css/opmaak.css HTTP/1.1" 200 1108
::1 - - [25/Nov/2014:11:48:04 +0100] "GET /scripts/index.js HTTP/1.1" 304 -
::1 - - [25/Nov/2014:11:48:05 +0100] "GET /bootstrap/css/bootstrap.css.map HTTP/1.1" 304 -
::1 - - [25/Nov/2014:11:48:25 +0100] "GET / HTTP/1.1" 200 978
::1 - - [25/Nov/2014:11:48:25 +0100] "GET /css/opmaak.css HTTP/1.1" 200 1132
::1 - - [25/Nov/2014:11:48:25 +0100] "GET /scripts/modernizr.js HTTP/1.1" 304 -
::1 - - [25/Nov/2014:11:48:25 +0100] "GET /bootstrap/css/bootstrap.css HTTP/1.1" 304 -
::1 - - [25/Nov/2014:11:48:25 +0100] "GET /scripts/index.js HTTP/1.1" 304 -
::1 - - [25/Nov/2014:11:48:26 +0100] "GET /bootstrap/css/bootstrap.css.map HTTP/1.1" 304 -
::1 - - [25/Nov/2014:11:49:04 +0100] "GET / HTTP/1.1" 200 978
::1 - - [25/Nov/2014:11:49:04 +0100] "GET /bootstrap/css/bootstrap.css HTTP/1.1" 304 -
::1 - - [25/Nov/2014:11:49:04 +0100] "GET /css/opmaak.css HTTP/1.1" 200 1128
::1 - - [25/Nov/2014:11:49:04 +0100] "GET /scripts/index.js HTTP/1.1" 304 -
::1 - - [25/Nov/2014:11:49:04 +0100] "GET /scripts/modernizr.js HTTP/1.1" 304 -
::1 - - [25/Nov/2014:11:49:05 +0100] "GET /bootstrap/css/bootstrap.css.map HTTP/1.1" 304 -
::1 - - [25/Nov/2014:11:49:30 +0100] "GET / HTTP/1.1" 200 978
::1 - - [25/Nov/2014:11:49:31 +0100] "GET /bootstrap/css/bootstrap.css HTTP/1.1" 304 -
::1 - - [25/Nov/2014:11:49:31 +0100] "GET /css/opmaak.css HTTP/1.1" 200 1128
::1 - - [25/Nov/2014:11:49:31 +0100] "GET /scripts/index.js HTTP/1.1" 304 -
::1 - - [25/Nov/2014:11:49:31 +0100] "GET /scripts/modernizr.js HTTP/1.1" 304 -
::1 - - [25/Nov/2014:11:49:31 +0100] "GET /bootstrap/css/bootstrap.css.map HTTP/1.1" 304 -
::1 - - [25/Nov/2014:11:49:48 +0100] "GET / HTTP/1.1" 200 978
::1 - - [25/Nov/2014:11:49:49 +0100] "GET /bootstrap/css/bootstrap.css HTTP/1.1" 304 -
::1 - - [25/Nov/2014:11:49:49 +0100] "GET /css/opmaak.css HTTP/1.1" 200 1129
::1 - - [25/Nov/2014:11:49:49 +0100] "GET /scripts/modernizr.js HTTP/1.1" 304 -
::1 - - [25/Nov/2014:11:49:49 +0100] "GET /scripts/index.js HTTP/1.1" 304 -
::1 - - [25/Nov/2014:11:49:50 +0100] "GET /bootstrap/css/bootstrap.css.map HTTP/1.1" 304 -
::1 - - [25/Nov/2014:11:50:01 +0100] "GET / HTTP/1.1" 200 978
::1 - - [25/Nov/2014:11:50:01 +0100] "GET /scripts/modernizr.js HTTP/1.1" 304 -
::1 - - [25/Nov/2014:11:50:01 +0100] "GET /bootstrap/css/bootstrap.css HTTP/1.1" 304 -
::1 - - [25/Nov/2014:11:50:01 +0100] "GET /scripts/index.js HTTP/1.1" 304 -
::1 - - [25/Nov/2014:11:50:01 +0100] "GET /css/opmaak.css HTTP/1.1" 200 1130
::1 - - [25/Nov/2014:11:50:02 +0100] "GET /bootstrap/css/bootstrap.css.map HTTP/1.1" 304 -
::1 - - [25/Nov/2014:11:50:16 +0100] "GET / HTTP/1.1" 200 978
::1 - - [25/Nov/2014:11:50:16 +0100] "GET /bootstrap/css/bootstrap.css HTTP/1.1" 304 -
::1 - - [25/Nov/2014:11:50:16 +0100] "GET /scripts/modernizr.js HTTP/1.1" 304 -
::1 - - [25/Nov/2014:11:50:16 +0100] "GET /scripts/index.js HTTP/1.1" 304 -
::1 - - [25/Nov/2014:11:50:16 +0100] "GET /css/opmaak.css HTTP/1.1" 200 1130
::1 - - [25/Nov/2014:11:50:17 +0100] "GET /bootstrap/css/bootstrap.css.map HTTP/1.1" 304 -
::1 - - [25/Nov/2014:11:50:45 +0100] "GET / HTTP/1.1" 200 988
::1 - - [25/Nov/2014:11:50:45 +0100] "GET /bootstrap/css/bootstrap.css HTTP/1.1" 304 -
::1 - - [25/Nov/2014:11:50:45 +0100] "GET /css/opmaak.css HTTP/1.1" 304 -
::1 - - [25/Nov/2014:11:50:45 +0100] "GET /scripts/index.js HTTP/1.1" 304 -
::1 - - [25/Nov/2014:11:50:45 +0100] "GET /scripts/modernizr.js HTTP/1.1" 304 -
::1 - - [25/Nov/2014:11:50:46 +0100] "GET /bootstrap/css/bootstrap.css.map HTTP/1.1" 304 -
::1 - - [25/Nov/2014:11:51:00 +0100] "GET / HTTP/1.1" 200 988
::1 - - [25/Nov/2014:11:51:00 +0100] "GET /bootstrap/css/bootstrap.css HTTP/1.1" 304 -
::1 - - [25/Nov/2014:11:51:00 +0100] "GET /css/opmaak.css HTTP/1.1" 200 1129
::1 - - [25/Nov/2014:11:51:00 +0100] "GET /scripts/index.js HTTP/1.1" 304 -
::1 - - [25/Nov/2014:11:51:00 +0100] "GET /scripts/modernizr.js HTTP/1.1" 304 -
::1 - - [25/Nov/2014:11:51:01 +0100] "GET /bootstrap/css/bootstrap.css.map HTTP/1.1" 304 -
::1 - - [25/Nov/2014:11:51:28 +0100] "GET / HTTP/1.1" 200 1034
::1 - - [25/Nov/2014:11:51:29 +0100] "GET /bootstrap/css/bootstrap.css HTTP/1.1" 304 -
::1 - - [25/Nov/2014:11:51:29 +0100] "GET /scripts/modernizr.js HTTP/1.1" 304 -
::1 - - [25/Nov/2014:11:51:29 +0100] "GET /css/opmaak.css HTTP/1.1" 200 1129
::1 - - [25/Nov/2014:11:51:29 +0100] "GET /scripts/index.js HTTP/1.1" 304 -
::1 - - [25/Nov/2014:11:51:30 +0100] "GET /bootstrap/css/bootstrap.css.map HTTP/1.1" 304 -
::1 - - [25/Nov/2014:11:51:46 +0100] "GET / HTTP/1.1" 200 1034
::1 - - [25/Nov/2014:11:51:47 +0100] "GET /bootstrap/css/bootstrap.css HTTP/1.1" 304 -
::1 - - [25/Nov/2014:11:51:47 +0100] "GET /scripts/index.js HTTP/1.1" 304 -
::1 - - [25/Nov/2014:11:51:47 +0100] "GET /scripts/modernizr.js HTTP/1.1" 304 -
::1 - - [25/Nov/2014:11:51:47 +0100] "GET /css/opmaak.css HTTP/1.1" 200 1151
::1 - - [25/Nov/2014:11:51:48 +0100] "GET /bootstrap/css/bootstrap.css.map HTTP/1.1" 304 -
::1 - - [25/Nov/2014:11:51:56 +0100] "GET / HTTP/1.1" 200 1034
::1 - - [25/Nov/2014:11:51:57 +0100] "GET /bootstrap/css/bootstrap.css HTTP/1.1" 304 -
::1 - - [25/Nov/2014:11:51:57 +0100] "GET /scripts/modernizr.js HTTP/1.1" 304 -
::1 - - [25/Nov/2014:11:51:57 +0100] "GET /css/opmaak.css HTTP/1.1" 200 1130
::1 - - [25/Nov/2014:11:51:57 +0100] "GET /scripts/index.js HTTP/1.1" 304 -
::1 - - [25/Nov/2014:11:51:57 +0100] "GET /bootstrap/css/bootstrap.css.map HTTP/1.1" 304 -
::1 - - [25/Nov/2014:11:52:21 +0100] "GET / HTTP/1.1" 200 1034
::1 - - [25/Nov/2014:11:52:22 +0100] "GET /bootstrap/css/bootstrap.css HTTP/1.1" 304 -
::1 - - [25/Nov/2014:11:52:22 +0100] "GET /scripts/modernizr.js HTTP/1.1" 304 -
::1 - - [25/Nov/2014:11:52:22 +0100] "GET /css/opmaak.css HTTP/1.1" 200 1154
::1 - - [25/Nov/2014:11:52:22 +0100] "GET /scripts/index.js HTTP/1.1" 304 -
::1 - - [25/Nov/2014:11:52:22 +0100] "GET /bootstrap/css/bootstrap.css.map HTTP/1.1" 304 -
::1 - - [25/Nov/2014:11:52:33 +0100] "GET / HTTP/1.1" 200 1034
::1 - - [25/Nov/2014:11:52:34 +0100] "GET /bootstrap/css/bootstrap.css HTTP/1.1" 304 -
::1 - - [25/Nov/2014:11:52:34 +0100] "GET /scripts/index.js HTTP/1.1" 304 -
::1 - - [25/Nov/2014:11:52:34 +0100] "GET /scripts/modernizr.js HTTP/1.1" 304 -
::1 - - [25/Nov/2014:11:52:34 +0100] "GET /css/opmaak.css HTTP/1.1" 200 1155
::1 - - [25/Nov/2014:11:52:34 +0100] "GET /bootstrap/css/bootstrap.css.map HTTP/1.1" 304 -
::1 - - [25/Nov/2014:11:53:25 +0100] "GET / HTTP/1.1" 200 1034
::1 - - [25/Nov/2014:11:53:25 +0100] "GET /bootstrap/css/bootstrap.css HTTP/1.1" 304 -
::1 - - [25/Nov/2014:11:53:25 +0100] "GET /scripts/modernizr.js HTTP/1.1" 304 -
::1 - - [25/Nov/2014:11:53:26 +0100] "GET /css/opmaak.css HTTP/1.1" 200 1130
::1 - - [25/Nov/2014:11:53:26 +0100] "GET /scripts/index.js HTTP/1.1" 304 -
::1 - - [25/Nov/2014:11:53:26 +0100] "GET /bootstrap/css/bootstrap.css.map HTTP/1.1" 304 -
::1 - - [25/Nov/2014:11:53:49 +0100] "GET / HTTP/1.1" 200 1034
::1 - - [25/Nov/2014:11:53:49 +0100] "GET /bootstrap/css/bootstrap.css HTTP/1.1" 304 -
::1 - - [25/Nov/2014:11:53:49 +0100] "GET /css/opmaak.css HTTP/1.1" 200 1150
::1 - - [25/Nov/2014:11:53:49 +0100] "GET /scripts/modernizr.js HTTP/1.1" 304 -
::1 - - [25/Nov/2014:11:53:49 +0100] "GET /scripts/index.js HTTP/1.1" 304 -
::1 - - [25/Nov/2014:11:53:50 +0100] "GET /bootstrap/css/bootstrap.css.map HTTP/1.1" 304 -
::1 - - [25/Nov/2014:11:55:45 +0100] "GET / HTTP/1.1" 200 1034
::1 - - [25/Nov/2014:11:55:45 +0100] "GET /bootstrap/css/bootstrap.css HTTP/1.1" 304 -
::1 - - [25/Nov/2014:11:55:45 +0100] "GET /css/opmaak.css HTTP/1.1" 200 1164
::1 - - [25/Nov/2014:11:55:45 +0100] "GET /scripts/modernizr.js HTTP/1.1" 304 -
::1 - - [25/Nov/2014:11:55:45 +0100] "GET /scripts/index.js HTTP/1.1" 304 -
::1 - - [25/Nov/2014:11:55:46 +0100] "GET /bootstrap/css/bootstrap.css.map HTTP/1.1" 304 -
::1 - - [25/Nov/2014:11:56:00 +0100] "GET / HTTP/1.1" 200 1034
::1 - - [25/Nov/2014:11:56:00 +0100] "GET /bootstrap/css/bootstrap.css HTTP/1.1" 304 -
::1 - - [25/Nov/2014:11:56:00 +0100] "GET /scripts/modernizr.js HTTP/1.1" 304 -
::1 - - [25/Nov/2014:11:56:00 +0100] "GET /scripts/index.js HTTP/1.1" 304 -
::1 - - [25/Nov/2014:11:56:00 +0100] "GET /css/opmaak.css HTTP/1.1" 200 1178
::1 - - [25/Nov/2014:11:56:01 +0100] "GET /bootstrap/css/bootstrap.css.map HTTP/1.1" 304 -
::1 - - [25/Nov/2014:11:56:20 +0100] "GET / HTTP/1.1" 200 1034
::1 - - [25/Nov/2014:11:56:21 +0100] "GET /bootstrap/css/bootstrap.css HTTP/1.1" 304 -
::1 - - [25/Nov/2014:11:56:21 +0100] "GET /css/opmaak.css HTTP/1.1" 200 1130
::1 - - [25/Nov/2014:11:56:21 +0100] "GET /scripts/index.js HTTP/1.1" 304 -
::1 - - [25/Nov/2014:11:56:21 +0100] "GET /scripts/modernizr.js HTTP/1.1" 304 -
::1 - - [25/Nov/2014:11:56:21 +0100] "GET /bootstrap/css/bootstrap.css.map HTTP/1.1" 304 -
::1 - - [25/Nov/2014:11:56:24 +0100] "GET /bootstrap/fonts/glyphicons-halflings-regular.woff HTTP/1.1" 304 -
::1 - - [25/Nov/2014:11:56:40 +0100] "GET / HTTP/1.1" 200 1034
::1 - - [25/Nov/2014:11:56:41 +0100] "GET /bootstrap/css/bootstrap.css HTTP/1.1" 304 -
::1 - - [25/Nov/2014:11:56:41 +0100] "GET /css/opmaak.css HTTP/1.1" 200 1130
::1 - - [25/Nov/2014:11:56:41 +0100] "GET /scripts/modernizr.js HTTP/1.1" 304 -
::1 - - [25/Nov/2014:11:56:41 +0100] "GET /scripts/index.js HTTP/1.1" 304 -
::1 - - [25/Nov/2014:11:56:41 +0100] "GET /bootstrap/css/bootstrap.css.map HTTP/1.1" 304 -
::1 - - [25/Nov/2014:11:56:42 +0100] "GET /bootstrap/fonts/glyphicons-halflings-regular.woff HTTP/1.1" 304 -
::1 - - [25/Nov/2014:11:57:16 +0100] "GET / HTTP/1.1" 200 1034
::1 - - [25/Nov/2014:11:57:16 +0100] "GET /bootstrap/css/bootstrap.css HTTP/1.1" 304 -
::1 - - [25/Nov/2014:11:57:16 +0100] "GET /scripts/modernizr.js HTTP/1.1" 304 -
::1 - - [25/Nov/2014:11:57:16 +0100] "GET /css/opmaak.css HTTP/1.1" 304 -
::1 - - [25/Nov/2014:11:57:16 +0100] "GET /scripts/index.js HTTP/1.1" 200 2814
::1 - - [25/Nov/2014:11:57:17 +0100] "GET /bootstrap/css/bootstrap.css.map HTTP/1.1" 304 -
::1 - - [25/Nov/2014:11:57:18 +0100] "GET /bootstrap/fonts/glyphicons-halflings-regular.woff HTTP/1.1" 304 -
::1 - - [25/Nov/2014:11:58:21 +0100] "GET / HTTP/1.1" 200 1034
::1 - - [25/Nov/2014:11:58:22 +0100] "GET /bootstrap/css/bootstrap.css HTTP/1.1" 304 -
::1 - - [25/Nov/2014:11:58:22 +0100] "GET /scripts/index.js HTTP/1.1" 200 2816
::1 - - [25/Nov/2014:11:58:22 +0100] "GET /css/opmaak.css HTTP/1.1" 304 -
::1 - - [25/Nov/2014:11:58:22 +0100] "GET /scripts/modernizr.js HTTP/1.1" 304 -
::1 - - [25/Nov/2014:11:58:23 +0100] "GET /bootstrap/css/bootstrap.css.map HTTP/1.1" 304 -
::1 - - [25/Nov/2014:11:58:23 +0100] "GET /bootstrap/fonts/glyphicons-halflings-regular.woff HTTP/1.1" 304 -
::1 - - [25/Nov/2014:11:58:32 +0100] "GET / HTTP/1.1" 200 1034
::1 - - [25/Nov/2014:11:58:33 +0100] "GET /bootstrap/css/bootstrap.css HTTP/1.1" 304 -
::1 - - [25/Nov/2014:11:58:33 +0100] "GET /scripts/index.js HTTP/1.1" 200 2814
::1 - - [25/Nov/2014:11:58:33 +0100] "GET /css/opmaak.css HTTP/1.1" 304 -
::1 - - [25/Nov/2014:11:58:33 +0100] "GET /scripts/modernizr.js HTTP/1.1" 304 -
::1 - - [25/Nov/2014:11:58:34 +0100] "GET /bootstrap/css/bootstrap.css.map HTTP/1.1" 304 -
::1 - - [25/Nov/2014:11:58:37 +0100] "GET /bootstrap/fonts/glyphicons-halflings-regular.woff HTTP/1.1" 304 -
::1 - - [25/Nov/2014:11:59:54 +0100] "GET / HTTP/1.1" 200 1034
::1 - - [25/Nov/2014:11:59:55 +0100] "GET /bootstrap/css/bootstrap.css HTTP/1.1" 304 -
::1 - - [25/Nov/2014:11:59:55 +0100] "GET /scripts/index.js HTTP/1.1" 304 -
::1 - - [25/Nov/2014:11:59:55 +0100] "GET /css/opmaak.css HTTP/1.1" 200 1131
::1 - - [25/Nov/2014:11:59:55 +0100] "GET /scripts/modernizr.js HTTP/1.1" 304 -
::1 - - [25/Nov/2014:12:00:01 +0100] "GET / HTTP/1.1" 200 1034
::1 - - [25/Nov/2014:12:00:01 +0100] "GET /css/opmaak.css HTTP/1.1" 200 1131
::1 - - [25/Nov/2014:12:00:02 +0100] "GET /bootstrap/fonts/glyphicons-halflings-regular.woff HTTP/1.1" 304 -
::1 - - [25/Nov/2014:12:00:03 +0100] "GET / HTTP/1.1" 200 1034
::1 - - [25/Nov/2014:12:00:04 +0100] "GET /css/opmaak.css HTTP/1.1" 304 -
::1 - - [25/Nov/2014:12:00:04 +0100] "GET /scripts/index.js HTTP/1.1" 304 -
::1 - - [25/Nov/2014:12:00:15 +0100] "GET / HTTP/1.1" 200 1034
::1 - - [25/Nov/2014:12:00:15 +0100] "GET /css/opmaak.css HTTP/1.1" 304 -
::1 - - [25/Nov/2014:12:00:15 +0100] "GET /scripts/index.js HTTP/1.1" 304 -
::1 - - [25/Nov/2014:12:00:16 +0100] "GET / HTTP/1.1" 200 1034
::1 - - [25/Nov/2014:12:00:16 +0100] "GET /bootstrap/css/bootstrap.css HTTP/1.1" 304 -
::1 - - [25/Nov/2014:12:00:16 +0100] "GET /css/opmaak.css HTTP/1.1" 304 -
::1 - - [25/Nov/2014:12:00:16 +0100] "GET /scripts/index.js HTTP/1.1" 304 -
::1 - - [25/Nov/2014:12:00:16 +0100] "GET /scripts/modernizr.js HTTP/1.1" 304 -
::1 - - [25/Nov/2014:12:00:18 +0100] "GET /bootstrap/fonts/glyphicons-halflings-regular.woff HTTP/1.1" 304 -
::1 - - [25/Nov/2014:12:05:00 +0100] "GET / HTTP/1.1" 200 1034
::1 - - [25/Nov/2014:12:05:00 +0100] "GET /bootstrap/css/bootstrap.css HTTP/1.1" 304 -
::1 - - [25/Nov/2014:12:05:00 +0100] "GET /css/opmaak.css HTTP/1.1" 200 1225
::1 - - [25/Nov/2014:12:05:00 +0100] "GET /scripts/modernizr.js HTTP/1.1" 304 -
::1 - - [25/Nov/2014:12:05:00 +0100] "GET /scripts/index.js HTTP/1.1" 200 2895
::1 - - [25/Nov/2014:12:05:05 +0100] "GET / HTTP/1.1" 200 1034
::1 - - [25/Nov/2014:12:05:05 +0100] "GET /bootstrap/css/bootstrap.css HTTP/1.1" 304 -
::1 - - [25/Nov/2014:12:05:05 +0100] "GET /css/opmaak.css HTTP/1.1" 304 -
::1 - - [25/Nov/2014:12:05:05 +0100] "GET /scripts/modernizr.js HTTP/1.1" 304 -
::1 - - [25/Nov/2014:12:05:05 +0100] "GET /scripts/index.js HTTP/1.1" 304 -
::1 - - [25/Nov/2014:12:05:13 +0100] "GET / HTTP/1.1" 200 1034
::1 - - [25/Nov/2014:12:05:14 +0100] "GET /bootstrap/css/bootstrap.css HTTP/1.1" 304 -
::1 - - [25/Nov/2014:12:05:14 +0100] "GET /css/opmaak.css HTTP/1.1" 200 1168
::1 - - [25/Nov/2014:12:05:14 +0100] "GET /scripts/modernizr.js HTTP/1.1" 304 -
::1 - - [25/Nov/2014:12:05:14 +0100] "GET /scripts/index.js HTTP/1.1" 304 -
::1 - - [25/Nov/2014:12:05:16 +0100] "GET /bootstrap/fonts/glyphicons-halflings-regular.woff HTTP/1.1" 304 -
::1 - - [25/Nov/2014:12:06:47 +0100] "GET / HTTP/1.1" 200 1034
::1 - - [25/Nov/2014:12:06:48 +0100] "GET /bootstrap/css/bootstrap.css HTTP/1.1" 304 -
::1 - - [25/Nov/2014:12:06:48 +0100] "GET /css/opmaak.css HTTP/1.1" 200 1131
::1 - - [25/Nov/2014:12:06:48 +0100] "GET /scripts/modernizr.js HTTP/1.1" 304 -
::1 - - [25/Nov/2014:12:06:48 +0100] "GET /scripts/index.js HTTP/1.1" 200 2888
::1 - - [25/Nov/2014:12:06:51 +0100] "GET /bootstrap/fonts/glyphicons-halflings-regular.woff HTTP/1.1" 304 -
::1 - - [25/Nov/2014:12:06:53 +0100] "GET / HTTP/1.1" 200 1034
::1 - - [25/Nov/2014:12:06:54 +0100] "GET /bootstrap/css/bootstrap.css HTTP/1.1" 304 -
::1 - - [25/Nov/2014:12:06:54 +0100] "GET /css/opmaak.css HTTP/1.1" 304 -
::1 - - [25/Nov/2014:12:06:54 +0100] "GET /scripts/modernizr.js HTTP/1.1" 304 -
::1 - - [25/Nov/2014:12:06:54 +0100] "GET /scripts/index.js HTTP/1.1" 304 -
::1 - - [25/Nov/2014:12:06:55 +0100] "GET /bootstrap/fonts/glyphicons-halflings-regular.woff HTTP/1.1" 304 -
::1 - - [25/Nov/2014:12:07:07 +0100] "GET / HTTP/1.1" 200 1034
::1 - - [25/Nov/2014:12:07:08 +0100] "GET /css/opmaak.css HTTP/1.1" 304 -
::1 - - [25/Nov/2014:12:07:08 +0100] "GET /scripts/index.js HTTP/1.1" 200 2892
::1 - - [25/Nov/2014:12:07:08 +0100] "GET /bootstrap/css/bootstrap.css HTTP/1.1" 304 -
::1 - - [25/Nov/2014:12:07:08 +0100] "GET /scripts/modernizr.js HTTP/1.1" 304 -
::1 - - [25/Nov/2014:12:07:09 +0100] "GET /bootstrap/fonts/glyphicons-halflings-regular.woff HTTP/1.1" 304 -
::1 - - [25/Nov/2014:12:07:18 +0100] "GET / HTTP/1.1" 200 1034
::1 - - [25/Nov/2014:12:07:18 +0100] "GET /bootstrap/css/bootstrap.css HTTP/1.1" 304 -
::1 - - [25/Nov/2014:12:07:18 +0100] "GET /css/opmaak.css HTTP/1.1" 304 -
::1 - - [25/Nov/2014:12:07:18 +0100] "GET /scripts/modernizr.js HTTP/1.1" 304 -
::1 - - [25/Nov/2014:12:07:18 +0100] "GET /scripts/index.js HTTP/1.1" 200 2892
::1 - - [25/Nov/2014:12:07:20 +0100] "GET /bootstrap/fonts/glyphicons-halflings-regular.woff HTTP/1.1" 304 -
::1 - - [25/Nov/2014:12:07:22 +0100] "GET / HTTP/1.1" 200 1034
::1 - - [25/Nov/2014:12:07:23 +0100] "GET /bootstrap/css/bootstrap.css HTTP/1.1" 304 -
::1 - - [25/Nov/2014:12:07:23 +0100] "GET /css/opmaak.css HTTP/1.1" 304 -
::1 - - [25/Nov/2014:12:07:23 +0100] "GET /scripts/modernizr.js HTTP/1.1" 304 -
::1 - - [25/Nov/2014:12:07:23 +0100] "GET /scripts/index.js HTTP/1.1" 304 -
::1 - - [25/Nov/2014:12:07:33 +0100] "GET /bootstrap/fonts/glyphicons-halflings-regular.woff HTTP/1.1" 304 -
::1 - - [25/Nov/2014:12:07:39 +0100] "GET / HTTP/1.1" 200 1034
::1 - - [25/Nov/2014:12:07:40 +0100] "GET /css/opmaak.css HTTP/1.1" 304 -
::1 - - [25/Nov/2014:12:07:40 +0100] "GET /bootstrap/css/bootstrap.css HTTP/1.1" 304 -
::1 - - [25/Nov/2014:12:07:40 +0100] "GET /scripts/modernizr.js HTTP/1.1" 304 -
::1 - - [25/Nov/2014:12:07:40 +0100] "GET /scripts/index.js HTTP/1.1" 304 -
::1 - - [25/Nov/2014:12:08:07 +0100] "GET / HTTP/1.1" 200 1034
::1 - - [25/Nov/2014:12:08:07 +0100] "GET /bootstrap/css/bootstrap.css HTTP/1.1" 304 -
::1 - - [25/Nov/2014:12:08:07 +0100] "GET /scripts/modernizr.js HTTP/1.1" 304 -
::1 - - [25/Nov/2014:12:08:07 +0100] "GET /css/opmaak.css HTTP/1.1" 304 -
::1 - - [25/Nov/2014:12:08:07 +0100] "GET /scripts/index.js HTTP/1.1" 304 -
::1 - - [25/Nov/2014:12:10:35 +0100] "GET /bootstrap/fonts/glyphicons-halflings-regular.woff HTTP/1.1" 304 -
::1 - - [25/Nov/2014:12:10:42 +0100] "GET / HTTP/1.1" 200 1034
::1 - - [25/Nov/2014:12:10:43 +0100] "GET /bootstrap/css/bootstrap.css HTTP/1.1" 304 -
::1 - - [25/Nov/2014:12:10:43 +0100] "GET /css/opmaak.css HTTP/1.1" 304 -
::1 - - [25/Nov/2014:12:10:43 +0100] "GET /scripts/index.js HTTP/1.1" 304 -
::1 - - [25/Nov/2014:12:10:43 +0100] "GET /scripts/modernizr.js HTTP/1.1" 304 -
::1 - - [25/Nov/2014:12:10:47 +0100] "GET /bootstrap/fonts/glyphicons-halflings-regular.woff HTTP/1.1" 304 -
::1 - - [25/Nov/2014:12:13:51 +0100] "GET / HTTP/1.1" 200 1034
::1 - - [25/Nov/2014:12:13:52 +0100] "GET /bootstrap/css/bootstrap.css HTTP/1.1" 304 -
::1 - - [25/Nov/2014:12:13:52 +0100] "GET /css/opmaak.css HTTP/1.1" 304 -
::1 - - [25/Nov/2014:12:13:52 +0100] "GET /scripts/modernizr.js HTTP/1.1" 304 -
::1 - - [25/Nov/2014:12:13:52 +0100] "GET /scripts/index.js HTTP/1.1" 304 -
::1 - - [25/Nov/2014:12:14:34 +0100] "GET / HTTP/1.1" 200 1034
::1 - - [25/Nov/2014:12:14:35 +0100] "GET /bootstrap/css/bootstrap.css HTTP/1.1" 304 -
::1 - - [25/Nov/2014:12:14:35 +0100] "GET /css/opmaak.css HTTP/1.1" 200 1153
::1 - - [25/Nov/2014:12:14:35 +0100] "GET /scripts/modernizr.js HTTP/1.1" 304 -
::1 - - [25/Nov/2014:12:14:35 +0100] "GET /scripts/index.js HTTP/1.1" 304 -
::1 - - [25/Nov/2014:12:14:36 +0100] "GET /bootstrap/fonts/glyphicons-halflings-regular.woff HTTP/1.1" 304 -
::1 - - [25/Nov/2014:12:15:23 +0100] "GET / HTTP/1.1" 200 1034
::1 - - [25/Nov/2014:12:15:24 +0100] "GET /bootstrap/css/bootstrap.css HTTP/1.1" 304 -
::1 - - [25/Nov/2014:12:15:24 +0100] "GET /css/opmaak.css HTTP/1.1" 200 1112
::1 - - [25/Nov/2014:12:15:24 +0100] "GET /scripts/modernizr.js HTTP/1.1" 304 -
::1 - - [25/Nov/2014:12:15:24 +0100] "GET /scripts/index.js HTTP/1.1" 304 -
::1 - - [25/Nov/2014:12:15:28 +0100] "GET /bootstrap/fonts/glyphicons-halflings-regular.woff HTTP/1.1" 304 -
::1 - - [25/Nov/2014:12:15:32 +0100] "GET / HTTP/1.1" 200 1034
::1 - - [25/Nov/2014:12:15:33 +0100] "GET /bootstrap/css/bootstrap.css HTTP/1.1" 304 -
::1 - - [25/Nov/2014:12:15:33 +0100] "GET /scripts/index.js HTTP/1.1" 304 -
::1 - - [25/Nov/2014:12:15:33 +0100] "GET /scripts/modernizr.js HTTP/1.1" 304 -
::1 - - [25/Nov/2014:12:15:33 +0100] "GET /css/opmaak.css HTTP/1.1" 200 1112
::1 - - [25/Nov/2014:12:15:35 +0100] "GET /bootstrap/fonts/glyphicons-halflings-regular.woff HTTP/1.1" 304 -
::1 - - [25/Nov/2014:12:16:29 +0100] "GET / HTTP/1.1" 200 1034
::1 - - [25/Nov/2014:12:16:30 +0100] "GET /bootstrap/css/bootstrap.css HTTP/1.1" 304 -
::1 - - [25/Nov/2014:12:16:30 +0100] "GET /scripts/index.js HTTP/1.1" 200 2501
::1 - - [25/Nov/2014:12:16:30 +0100] "GET /css/opmaak.css HTTP/1.1" 200 1131
::1 - - [25/Nov/2014:12:16:30 +0100] "GET /scripts/modernizr.js HTTP/1.1" 304 -
::1 - - [25/Nov/2014:12:18:19 +0100] "GET / HTTP/1.1" 200 1034
::1 - - [25/Nov/2014:12:18:20 +0100] "GET /bootstrap/css/bootstrap.css HTTP/1.1" 304 -
::1 - - [25/Nov/2014:12:18:20 +0100] "GET /scripts/modernizr.js HTTP/1.1" 304 -
::1 - - [25/Nov/2014:12:18:20 +0100] "GET /scripts/index.js HTTP/1.1" 200 2528
::1 - - [25/Nov/2014:12:18:20 +0100] "GET /css/opmaak.css HTTP/1.1" 304 -
::1 - - [25/Nov/2014:12:18:32 +0100] "GET / HTTP/1.1" 200 1034
::1 - - [25/Nov/2014:12:18:33 +0100] "GET /bootstrap/css/bootstrap.css HTTP/1.1" 304 -
::1 - - [25/Nov/2014:12:18:33 +0100] "GET /css/opmaak.css HTTP/1.1" 304 -
::1 - - [25/Nov/2014:12:18:33 +0100] "GET /scripts/modernizr.js HTTP/1.1" 304 -
::1 - - [25/Nov/2014:12:18:33 +0100] "GET /scripts/index.js HTTP/1.1" 200 2531
::1 - - [25/Nov/2014:12:18:34 +0100] "GET /bootstrap/fonts/glyphicons-halflings-regular.woff HTTP/1.1" 304 -
::1 - - [25/Nov/2014:12:18:42 +0100] "GET /bootstrap/css/bootstrap.css.map HTTP/1.1" 304 -
::1 - - [25/Nov/2014:12:19:07 +0100] "GET / HTTP/1.1" 200 1034
::1 - - [25/Nov/2014:12:19:08 +0100] "GET /bootstrap/css/bootstrap.css HTTP/1.1" 304 -
::1 - - [25/Nov/2014:12:19:08 +0100] "GET /css/opmaak.css HTTP/1.1" 304 -
::1 - - [25/Nov/2014:12:19:08 +0100] "GET /scripts/modernizr.js HTTP/1.1" 304 -
::1 - - [25/Nov/2014:12:19:08 +0100] "GET /scripts/index.js HTTP/1.1" 200 2533
::1 - - [25/Nov/2014:12:19:08 +0100] "GET /bootstrap/css/bootstrap.css.map HTTP/1.1" 304 -
::1 - - [25/Nov/2014:12:19:10 +0100] "GET /bootstrap/fonts/glyphicons-halflings-regular.woff HTTP/1.1" 304 -
::1 - - [25/Nov/2014:12:19:22 +0100] "GET / HTTP/1.1" 200 1034
::1 - - [25/Nov/2014:12:19:23 +0100] "GET /bootstrap/css/bootstrap.css HTTP/1.1" 304 -
::1 - - [25/Nov/2014:12:19:23 +0100] "GET /scripts/modernizr.js HTTP/1.1" 304 -
::1 - - [25/Nov/2014:12:19:23 +0100] "GET /css/opmaak.css HTTP/1.1" 304 -
::1 - - [25/Nov/2014:12:19:23 +0100] "GET /scripts/index.js HTTP/1.1" 200 2531
::1 - - [25/Nov/2014:12:19:24 +0100] "GET /bootstrap/css/bootstrap.css.map HTTP/1.1" 304 -
::1 - - [25/Nov/2014:12:19:24 +0100] "GET /bootstrap/fonts/glyphicons-halflings-regular.woff HTTP/1.1" 304 -
::1 - - [25/Nov/2014:12:19:48 +0100] "GET / HTTP/1.1" 200 1034
::1 - - [25/Nov/2014:12:19:48 +0100] "GET /bootstrap/css/bootstrap.css HTTP/1.1" 304 -
::1 - - [25/Nov/2014:12:19:48 +0100] "GET /scripts/modernizr.js HTTP/1.1" 304 -
::1 - - [25/Nov/2014:12:19:48 +0100] "GET /css/opmaak.css HTTP/1.1" 304 -
::1 - - [25/Nov/2014:12:19:48 +0100] "GET /scripts/index.js HTTP/1.1" 200 2534
::1 - - [25/Nov/2014:12:19:49 +0100] "GET /bootstrap/css/bootstrap.css.map HTTP/1.1" 304 -
::1 - - [25/Nov/2014:12:19:49 +0100] "GET /bootstrap/fonts/glyphicons-halflings-regular.woff HTTP/1.1" 304 -
::1 - - [25/Nov/2014:12:20:10 +0100] "GET / HTTP/1.1" 200 1034
::1 - - [25/Nov/2014:12:20:10 +0100] "GET /bootstrap/css/bootstrap.css HTTP/1.1" 304 -
::1 - - [25/Nov/2014:12:20:10 +0100] "GET /css/opmaak.css HTTP/1.1" 304 -
::1 - - [25/Nov/2014:12:20:10 +0100] "GET /scripts/modernizr.js HTTP/1.1" 304 -
::1 - - [25/Nov/2014:12:20:10 +0100] "GET /scripts/index.js HTTP/1.1" 200 2537
::1 - - [25/Nov/2014:12:20:11 +0100] "GET /bootstrap/css/bootstrap.css.map HTTP/1.1" 304 -
::1 - - [25/Nov/2014:12:20:12 +0100] "GET /bootstrap/fonts/glyphicons-halflings-regular.woff HTTP/1.1" 304 -
::1 - - [25/Nov/2014:12:21:15 +0100] "GET / HTTP/1.1" 200 1034
::1 - - [25/Nov/2014:12:21:16 +0100] "GET /bootstrap/css/bootstrap.css HTTP/1.1" 304 -
::1 - - [25/Nov/2014:12:21:16 +0100] "GET /css/opmaak.css HTTP/1.1" 304 -
::1 - - [25/Nov/2014:12:21:16 +0100] "GET /scripts/index.js HTTP/1.1" 200 2537
::1 - - [25/Nov/2014:12:21:16 +0100] "GET /scripts/modernizr.js HTTP/1.1" 304 -
::1 - - [25/Nov/2014:12:21:17 +0100] "GET /bootstrap/css/bootstrap.css.map HTTP/1.1" 304 -
::1 - - [25/Nov/2014:12:21:17 +0100] "GET /bootstrap/fonts/glyphicons-halflings-regular.woff HTTP/1.1" 304 -
::1 - - [25/Nov/2014:12:21:20 +0100] "GET / HTTP/1.1" 200 1034
::1 - - [25/Nov/2014:12:21:21 +0100] "GET /bootstrap/css/bootstrap.css HTTP/1.1" 304 -
::1 - - [25/Nov/2014:12:21:21 +0100] "GET /css/opmaak.css HTTP/1.1" 304 -
::1 - - [25/Nov/2014:12:21:21 +0100] "GET /scripts/modernizr.js HTTP/1.1" 304 -
::1 - - [25/Nov/2014:12:21:21 +0100] "GET /scripts/index.js HTTP/1.1" 304 -
::1 - - [25/Nov/2014:12:21:21 +0100] "GET /bootstrap/css/bootstrap.css.map HTTP/1.1" 304 -
::1 - - [25/Nov/2014:12:21:22 +0100] "GET /bootstrap/fonts/glyphicons-halflings-regular.woff HTTP/1.1" 304 -
::1 - - [25/Nov/2014:12:21:37 +0100] "GET / HTTP/1.1" 200 1034
::1 - - [25/Nov/2014:12:21:38 +0100] "GET /bootstrap/css/bootstrap.css HTTP/1.1" 304 -
::1 - - [25/Nov/2014:12:21:38 +0100] "GET /css/opmaak.css HTTP/1.1" 304 -
::1 - - [25/Nov/2014:12:21:38 +0100] "GET /scripts/modernizr.js HTTP/1.1" 304 -
::1 - - [25/Nov/2014:12:21:38 +0100] "GET /scripts/index.js HTTP/1.1" 200 2541
::1 - - [25/Nov/2014:12:21:39 +0100] "GET /bootstrap/css/bootstrap.css.map HTTP/1.1" 304 -
::1 - - [25/Nov/2014:12:21:39 +0100] "GET /bootstrap/fonts/glyphicons-halflings-regular.woff HTTP/1.1" 304 -
