121009 15:28:53 [Note] Plugin 'FEDERATED' is disabled.
121009 15:28:53 InnoDB: The InnoDB memory heap is disabled
121009 15:28:53 InnoDB: Mutexes and rw_locks use Windows interlocked functions
121009 15:28:53 InnoDB: Compressed tables use zlib 1.2.3
121009 15:28:53 InnoDB: Initializing buffer pool, size = 128.0M
121009 15:28:53 InnoDB: Completed initialization of buffer pool
InnoDB: The first specified data file C:\Users\Putman Alisio\Desktop\USBWebserver v8.5\8.5\mysql\data\ibdata1 did not exist:
InnoDB: a new database to be created!
121009 15:28:54  InnoDB: Setting file C:\Users\Putman Alisio\Desktop\USBWebserver v8.5\8.5\mysql\data\ibdata1 size to 10 MB
InnoDB: Database physically writes the file full: wait...
121009 15:28:55  InnoDB: Log file C:\Users\Putman Alisio\Desktop\USBWebserver v8.5\8.5\mysql\data\ib_logfile0 did not exist: new to be created
InnoDB: Setting log file C:\Users\Putman Alisio\Desktop\USBWebserver v8.5\8.5\mysql\data\ib_logfile0 size to 5 MB
InnoDB: Database physically writes the file full: wait...
121009 15:28:55  InnoDB: Log file C:\Users\Putman Alisio\Desktop\USBWebserver v8.5\8.5\mysql\data\ib_logfile1 did not exist: new to be created
InnoDB: Setting log file C:\Users\Putman Alisio\Desktop\USBWebserver v8.5\8.5\mysql\data\ib_logfile1 size to 5 MB
InnoDB: Database physically writes the file full: wait...
InnoDB: Doublewrite buffer not found: creating new
InnoDB: Doublewrite buffer created
InnoDB: 127 rollback segment(s) active.
InnoDB: Creating foreign key constraint system tables
InnoDB: Foreign key constraint system tables created
121009 15:28:57  InnoDB: Waiting for the background threads to start
121009 15:28:58 InnoDB: 1.1.8 started; log sequence number 0
121009 15:28:58 [Note] Event Scheduler: Loaded 0 events
121009 15:28:58 [Note] C:\Users\Putman Alisio\Desktop\USBWebserver v8.5\8.5/mysql/bin/mysqld_usbwv8.exe: ready for connections.
Version: '5.5.20'  socket: ''  port: 3307  MySQL Community Server (GPL)
121009 15:30:53 [Note] Plugin 'FEDERATED' is disabled.
121009 15:30:53 InnoDB: The InnoDB memory heap is disabled
121009 15:30:53 InnoDB: Mutexes and rw_locks use Windows interlocked functions
121009 15:30:53 InnoDB: Compressed tables use zlib 1.2.3
121009 15:30:53 InnoDB: Initializing buffer pool, size = 128.0M
121009 15:30:53 InnoDB: Completed initialization of buffer pool
121009 15:30:53 InnoDB: highest supported file format is Barracuda.
InnoDB: Log scan progressed past the checkpoint lsn 48941
121009 15:30:53  InnoDB: Database was not shut down normally!
InnoDB: Starting crash recovery.
InnoDB: Reading tablespace information from the .ibd files...
InnoDB: Restoring possible half-written data pages from the doublewrite
InnoDB: buffer...
InnoDB: Doing recovery: scanned up to log sequence number 1595675
121009 15:30:54  InnoDB: Starting an apply batch of log records to the database...
InnoDB: Progress in percents: 17 18 19 20 21 22 23 24 25 26 27 28 29 30 31 32 33 34 35 36 37 38 39 40 41 42 43 44 45 46 47 48 49 50 51 52 53 54 55 56 57 58 59 60 61 62 63 64 65 66 67 68 69 70 71 72 73 74 75 76 77 78 79 80 81 82 83 84 85 86 87 88 89 90 91 92 93 94 95 96 97 98 99 
InnoDB: Apply batch completed
121009 15:30:54  InnoDB: Waiting for the background threads to start
121009 15:30:55 InnoDB: 1.1.8 started; log sequence number 1595675
121009 15:30:56 [Note] Event Scheduler: Loaded 0 events
121009 15:30:56 [Note] C:\Users\Putman Alisio\Desktop\USBWebserver v8.5\8.5/mysql/bin/mysqld_usbwv8.exe: ready for connections.
Version: '5.5.20'  socket: ''  port: 3307  MySQL Community Server (GPL)
